\BOOKMARK [1][-]{section.1}{\376\377\126\333\116\052\176\303\116\140\145\160\143\156\145\207\116\366\116\313\176\315}{}% 1
\BOOKMARK [2][-]{subsection.1.1}{\376\377\145\160\143\156\145\207\116\366\151\202\211\310}{section.1}% 2
\BOOKMARK [2][-]{subsection.1.2}{\376\377\0000\0001\000\137\165\065\125\106\213\242\123\125\145\160\143\156\000\137\176\303\116\140\000.\000c\000s\000v}{section.1}% 3
\BOOKMARK [2][-]{subsection.1.3}{\376\377\0000\0002\000\137\117\040\141\037\126\150\145\160\143\156\000\137\176\303\116\140\000.\000c\000s\000v}{section.1}% 4
\BOOKMARK [2][-]{subsection.1.4}{\376\377\0000\0003\000\137\177\072\131\061\120\074\131\004\164\006\000\137\176\303\116\140\000.\000c\000s\000v}{section.1}% 5
\BOOKMARK [2][-]{subsection.1.5}{\376\377\0000\0004\000\137\145\160\143\156\150\074\137\017\156\005\155\027\000\137\176\303\116\140\000.\000c\000s\000v}{section.1}% 6
\BOOKMARK [1][-]{section.2}{\376\377\000P\000y\000t\000h\000o\000n\116\016\000P\000a\000n\000d\000a\000s\127\372\170\100}{}% 7
\BOOKMARK [2][-]{subsection.2.1}{\376\377\133\211\210\305\116\016\133\374\121\145}{section.2}% 8
\BOOKMARK [2][-]{subsection.2.2}{\376\377\213\373\123\326\000C\000S\000V\145\207\116\366}{section.2}% 9
\BOOKMARK [1][-]{section.3}{\376\377\145\160\143\156\147\345\167\013\116\016\143\242\175\042}{}% 10
\BOOKMARK [2][-]{subsection.3.1}{\376\377\147\345\167\013\145\160\143\156\127\372\147\054\117\341\140\157}{section.3}% 11
\BOOKMARK [2][-]{subsection.3.2}{\376\377\147\345\167\013\145\160\143\156\121\205\133\271}{section.3}% 12
\BOOKMARK [2][-]{subsection.3.3}{\376\377\176\337\213\241\117\341\140\157}{section.3}% 13
\BOOKMARK [1][-]{section.4}{\376\377\145\160\143\156\220\011\142\351}{}% 14
\BOOKMARK [2][-]{subsection.4.1}{\376\377\220\011\142\351\122\027}{section.4}% 15
\BOOKMARK [2][-]{subsection.4.2}{\376\377\220\011\142\351\210\114}{section.4}% 16
\BOOKMARK [2][-]{subsection.4.3}{\376\377\147\141\116\366\173\133\220\011}{section.4}% 17
\BOOKMARK [1][-]{section.5}{\376\377\145\160\143\156\156\005\155\027\377\032\131\004\164\006\177\072\131\061\120\074}{}% 18
\BOOKMARK [2][-]{subsection.5.1}{\376\377\150\300\155\113\177\072\131\061\120\074}{section.5}% 19
\BOOKMARK [2][-]{subsection.5.2}{\376\377\130\153\121\105\177\072\131\061\120\074}{section.5}% 20
\BOOKMARK [1][-]{section.6}{\376\377\145\160\143\156\156\005\155\027\377\032\131\004\164\006\221\315\131\015\120\074}{}% 21
\BOOKMARK [2][-]{subsection.6.1}{\376\377\150\300\155\113\124\214\122\040\226\144\221\315\131\015\120\074}{section.6}% 22
\BOOKMARK [1][-]{section.7}{\376\377\145\160\143\156\156\005\155\027\377\032\131\004\164\006\137\002\136\070\120\074}{}% 23
\BOOKMARK [2][-]{subsection.7.1}{\376\377\150\300\155\113\137\002\136\070\120\074}{section.7}% 24
\BOOKMARK [2][-]{subsection.7.2}{\376\377\131\004\164\006\137\002\136\070\120\074}{section.7}% 25
\BOOKMARK [1][-]{section.8}{\376\377\145\160\143\156\150\074\137\017\217\154\143\142}{}% 26
\BOOKMARK [2][-]{subsection.8.1}{\376\377\133\127\173\046\116\062\131\004\164\006}{section.8}% 27
\BOOKMARK [2][-]{subsection.8.2}{\376\377\131\004\164\006\142\113\147\072\123\367}{section.8}% 28
\BOOKMARK [1][-]{section.9}{\376\377\145\160\143\156\122\006\176\304\116\016\176\337\213\241}{}% 29
\BOOKMARK [2][-]{subsection.9.1}{\376\377\122\006\176\304\176\337\213\241}{section.9}% 30
\BOOKMARK [1][-]{section.10}{\376\377\176\374\124\010\133\236\142\030\377\032\133\214\145\164\145\160\143\156\131\004\164\006\155\101\172\013}{}% 31
\BOOKMARK [2][-]{subsection.10.1}{\376\377\150\110\117\213\377\032\133\214\145\164\166\204\165\065\125\106\213\242\123\125\145\160\143\156\131\004\164\006}{section.10}% 32
\BOOKMARK [1][-]{section.11}{\376\377\172\336\215\133\152\041\142\337\230\230}{}% 33
\BOOKMARK [2][-]{subsection.11.1}{\376\377\230\230\166\356\116\000\377\032\165\065\125\106\213\242\123\125\145\160\143\156\156\005\155\027}{section.11}% 34
\BOOKMARK [2][-]{subsection.11.2}{\376\377\230\230\166\356\116\214\377\032\124\130\135\345\117\341\140\157\145\160\143\156\131\004\164\006}{section.11}% 35
\BOOKMARK [1][-]{section.12}{\376\377\116\343\170\001\220\037\147\345\210\150}{}% 36
\BOOKMARK [2][-]{subsection.12.1}{\376\377\145\207\116\366\144\315\117\134}{section.12}% 37
\BOOKMARK [2][-]{subsection.12.2}{\376\377\145\160\143\156\147\345\167\013}{section.12}% 38
\BOOKMARK [2][-]{subsection.12.3}{\376\377\145\160\143\156\220\011\142\351}{section.12}% 39
\BOOKMARK [2][-]{subsection.12.4}{\376\377\145\160\143\156\156\005\155\027}{section.12}% 40
\BOOKMARK [2][-]{subsection.12.5}{\376\377\145\160\143\156\217\154\143\142}{section.12}% 41
\BOOKMARK [2][-]{subsection.12.6}{\376\377\122\006\176\304\176\337\213\241}{section.12}% 42
